<?xml version="1.0" encoding="UTF-8"?>
<testsuite xmlns:xsi="http://www.w3.org/2001/XMLSchema-instance" xsi:noNamespaceSchemaLocation="https://maven.apache.org/surefire/maven-surefire-plugin/xsd/surefire-test-report.xsd" name="cn.edu.cqu.authserver.AuthServerApplicationTests" time="3.028" tests="1" errors="0" skipped="0" failures="0">
  <properties>
    <property name="sun.desktop" value="windows"/>
    <property name="awt.toolkit" value="sun.awt.windows.WToolkit"/>
    <property name="file.encoding.pkg" value="sun.io"/>
    <property name="java.specification.version" value="1.8"/>
    <property name="sun.cpu.isalist" value="pentium_pro+mmx pentium_pro pentium+mmx pentium i486 i386 i86"/>
    <property name="sun.jnu.encoding" value="GBK"/>
    <property name="java.class.path" value="C:\Users\wlt\Desktop\sso-3.0\auth-server\target\test-classes;C:\Users\wlt\Desktop\sso-3.0\auth-server\target\classes;C:\Users\wlt\Desktop\sso-3.0\auth-server\org\springframework\boot\spring-boot-starter-thymeleaf\2.5.5\spring-boot-starter-thymeleaf-2.5.5.jar;C:\Users\wlt\Desktop\sso-3.0\auth-server\org\springframework\boot\spring-boot-starter\2.5.5\spring-boot-starter-2.5.5.jar;C:\Users\wlt\Desktop\sso-3.0\auth-server\org\springframework\boot\spring-boot\2.5.5\spring-boot-2.5.5.jar;C:\Users\wlt\Desktop\sso-3.0\auth-server\org\springframework\boot\spring-boot-autoconfigure\2.5.5\spring-boot-autoconfigure-2.5.5.jar;C:\Users\wlt\Desktop\sso-3.0\auth-server\org\springframework\boot\spring-boot-starter-logging\2.5.5\spring-boot-starter-logging-2.5.5.jar;C:\Users\wlt\Desktop\sso-3.0\auth-server\ch\qos\logback\logback-classic\1.2.6\logback-classic-1.2.6.jar;C:\Users\wlt\Desktop\sso-3.0\auth-server\ch\qos\logback\logback-core\1.2.6\logback-core-1.2.6.jar;C:\Users\wlt\Desktop\sso-3.0\auth-server\org\apache\logging\log4j\log4j-to-slf4j\2.14.1\log4j-to-slf4j-2.14.1.jar;C:\Users\wlt\Desktop\sso-3.0\auth-server\org\apache\logging\log4j\log4j-api\2.14.1\log4j-api-2.14.1.jar;C:\Users\wlt\Desktop\sso-3.0\auth-server\org\slf4j\jul-to-slf4j\1.7.32\jul-to-slf4j-1.7.32.jar;C:\Users\wlt\Desktop\sso-3.0\auth-server\jakarta\annotation\jakarta.annotation-api\1.3.5\jakarta.annotation-api-1.3.5.jar;C:\Users\wlt\Desktop\sso-3.0\auth-server\org\yaml\snakeyaml\1.28\snakeyaml-1.28.jar;C:\Users\wlt\Desktop\sso-3.0\auth-server\org\thymeleaf\thymeleaf-spring5\3.0.12.RELEASE\thymeleaf-spring5-3.0.12.RELEASE.jar;C:\Users\wlt\Desktop\sso-3.0\auth-server\org\thymeleaf\thymeleaf\3.0.12.RELEASE\thymeleaf-3.0.12.RELEASE.jar;C:\Users\wlt\Desktop\sso-3.0\auth-server\org\attoparser\attoparser\2.0.5.RELEASE\attoparser-2.0.5.RELEASE.jar;C:\Users\wlt\Desktop\sso-3.0\auth-server\org\unbescape\unbescape\1.1.6.RELEASE\unbescape-1.1.6.RELEASE.jar;C:\Users\wlt\Desktop\sso-3.0\auth-server\org\slf4j\slf4j-api\1.7.32\slf4j-api-1.7.32.jar;C:\Users\wlt\Desktop\sso-3.0\auth-server\org\thymeleaf\extras\thymeleaf-extras-java8time\3.0.4.RELEASE\thymeleaf-extras-java8time-3.0.4.RELEASE.jar;C:\Users\wlt\Desktop\sso-3.0\auth-server\org\springframework\boot\spring-boot-starter-web\2.5.5\spring-boot-starter-web-2.5.5.jar;C:\Users\wlt\Desktop\sso-3.0\auth-server\org\springframework\boot\spring-boot-starter-json\2.5.5\spring-boot-starter-json-2.5.5.jar;C:\Users\wlt\Desktop\sso-3.0\auth-server\com\fasterxml\jackson\datatype\jackson-datatype-jdk8\2.12.5\jackson-datatype-jdk8-2.12.5.jar;C:\Users\wlt\Desktop\sso-3.0\auth-server\com\fasterxml\jackson\datatype\jackson-datatype-jsr310\2.12.5\jackson-datatype-jsr310-2.12.5.jar;C:\Users\wlt\Desktop\sso-3.0\auth-server\com\fasterxml\jackson\module\jackson-module-parameter-names\2.12.5\jackson-module-parameter-names-2.12.5.jar;C:\Users\wlt\Desktop\sso-3.0\auth-server\org\springframework\boot\spring-boot-starter-tomcat\2.5.5\spring-boot-starter-tomcat-2.5.5.jar;C:\Users\wlt\Desktop\sso-3.0\auth-server\org\apache\tomcat\embed\tomcat-embed-core\9.0.53\tomcat-embed-core-9.0.53.jar;C:\Users\wlt\Desktop\sso-3.0\auth-server\org\apache\tomcat\embed\tomcat-embed-el\9.0.53\tomcat-embed-el-9.0.53.jar;C:\Users\wlt\Desktop\sso-3.0\auth-server\org\apache\tomcat\embed\tomcat-embed-websocket\9.0.53\tomcat-embed-websocket-9.0.53.jar;C:\Users\wlt\Desktop\sso-3.0\auth-server\org\springframework\spring-web\5.3.10\spring-web-5.3.10.jar;C:\Users\wlt\Desktop\sso-3.0\auth-server\org\springframework\spring-beans\5.3.10\spring-beans-5.3.10.jar;C:\Users\wlt\Desktop\sso-3.0\auth-server\org\springframework\spring-webmvc\5.3.10\spring-webmvc-5.3.10.jar;C:\Users\wlt\Desktop\sso-3.0\auth-server\org\springframework\spring-aop\5.3.10\spring-aop-5.3.10.jar;C:\Users\wlt\Desktop\sso-3.0\auth-server\org\springframework\spring-context\5.3.10\spring-context-5.3.10.jar;C:\Users\wlt\Desktop\sso-3.0\auth-server\org\springframework\spring-expression\5.3.10\spring-expression-5.3.10.jar;C:\Users\wlt\Desktop\sso-3.0\auth-server\org\springframework\boot\spring-boot-starter-test\2.5.5\spring-boot-starter-test-2.5.5.jar;C:\Users\wlt\Desktop\sso-3.0\auth-server\org\springframework\boot\spring-boot-test\2.5.5\spring-boot-test-2.5.5.jar;C:\Users\wlt\Desktop\sso-3.0\auth-server\org\springframework\boot\spring-boot-test-autoconfigure\2.5.5\spring-boot-test-autoconfigure-2.5.5.jar;C:\Users\wlt\Desktop\sso-3.0\auth-server\com\jayway\jsonpath\json-path\2.5.0\json-path-2.5.0.jar;C:\Users\wlt\Desktop\sso-3.0\auth-server\net\minidev\json-smart\2.4.7\json-smart-2.4.7.jar;C:\Users\wlt\Desktop\sso-3.0\auth-server\net\minidev\accessors-smart\2.4.7\accessors-smart-2.4.7.jar;C:\Users\wlt\Desktop\sso-3.0\auth-server\org\ow2\asm\asm\9.1\asm-9.1.jar;C:\Users\wlt\Desktop\sso-3.0\auth-server\jakarta\xml\bind\jakarta.xml.bind-api\2.3.3\jakarta.xml.bind-api-2.3.3.jar;C:\Users\wlt\Desktop\sso-3.0\auth-server\jakarta\activation\jakarta.activation-api\1.2.2\jakarta.activation-api-1.2.2.jar;C:\Users\wlt\Desktop\sso-3.0\auth-server\org\assertj\assertj-core\3.19.0\assertj-core-3.19.0.jar;C:\Users\wlt\Desktop\sso-3.0\auth-server\org\hamcrest\hamcrest\2.2\hamcrest-2.2.jar;C:\Users\wlt\Desktop\sso-3.0\auth-server\org\junit\jupiter\junit-jupiter\5.7.2\junit-jupiter-5.7.2.jar;C:\Users\wlt\Desktop\sso-3.0\auth-server\org\junit\jupiter\junit-jupiter-api\5.7.2\junit-jupiter-api-5.7.2.jar;C:\Users\wlt\Desktop\sso-3.0\auth-server\org\apiguardian\apiguardian-api\1.1.0\apiguardian-api-1.1.0.jar;C:\Users\wlt\Desktop\sso-3.0\auth-server\org\opentest4j\opentest4j\1.2.0\opentest4j-1.2.0.jar;C:\Users\wlt\Desktop\sso-3.0\auth-server\org\junit\platform\junit-platform-commons\1.7.2\junit-platform-commons-1.7.2.jar;C:\Users\wlt\Desktop\sso-3.0\auth-server\org\junit\jupiter\junit-jupiter-params\5.7.2\junit-jupiter-params-5.7.2.jar;C:\Users\wlt\Desktop\sso-3.0\auth-server\org\junit\jupiter\junit-jupiter-engine\5.7.2\junit-jupiter-engine-5.7.2.jar;C:\Users\wlt\Desktop\sso-3.0\auth-server\org\junit\platform\junit-platform-engine\1.7.2\junit-platform-engine-1.7.2.jar;C:\Users\wlt\Desktop\sso-3.0\auth-server\org\mockito\mockito-core\3.9.0\mockito-core-3.9.0.jar;C:\Users\wlt\Desktop\sso-3.0\auth-server\net\bytebuddy\byte-buddy\1.10.22\byte-buddy-1.10.22.jar;C:\Users\wlt\Desktop\sso-3.0\auth-server\net\bytebuddy\byte-buddy-agent\1.10.22\byte-buddy-agent-1.10.22.jar;C:\Users\wlt\Desktop\sso-3.0\auth-server\org\objenesis\objenesis\3.2\objenesis-3.2.jar;C:\Users\wlt\Desktop\sso-3.0\auth-server\org\mockito\mockito-junit-jupiter\3.9.0\mockito-junit-jupiter-3.9.0.jar;C:\Users\wlt\Desktop\sso-3.0\auth-server\org\skyscreamer\jsonassert\1.5.0\jsonassert-1.5.0.jar;C:\Users\wlt\Desktop\sso-3.0\auth-server\com\vaadin\external\google\android-json\0.0.20131108.vaadin1\android-json-0.0.20131108.vaadin1.jar;C:\Users\wlt\Desktop\sso-3.0\auth-server\org\springframework\spring-core\5.3.10\spring-core-5.3.10.jar;C:\Users\wlt\Desktop\sso-3.0\auth-server\org\springframework\spring-jcl\5.3.10\spring-jcl-5.3.10.jar;C:\Users\wlt\Desktop\sso-3.0\auth-server\org\springframework\spring-test\5.3.10\spring-test-5.3.10.jar;C:\Users\wlt\Desktop\sso-3.0\auth-server\org\xmlunit\xmlunit-core\2.8.2\xmlunit-core-2.8.2.jar;C:\Users\wlt\Desktop\sso-3.0\auth-server\com\auth0\java-jwt\3.4.0\java-jwt-3.4.0.jar;C:\Users\wlt\Desktop\sso-3.0\auth-server\com\fasterxml\jackson\core\jackson-databind\2.12.5\jackson-databind-2.12.5.jar;C:\Users\wlt\Desktop\sso-3.0\auth-server\com\fasterxml\jackson\core\jackson-annotations\2.12.5\jackson-annotations-2.12.5.jar;C:\Users\wlt\Desktop\sso-3.0\auth-server\com\fasterxml\jackson\core\jackson-core\2.12.5\jackson-core-2.12.5.jar;C:\Users\wlt\Desktop\sso-3.0\auth-server\commons-codec\commons-codec\1.15\commons-codec-1.15.jar;C:\Users\wlt\Desktop\sso-3.0\auth-server\org\projectlombok\lombok\1.18.20\lombok-1.18.20.jar;C:\Users\wlt\Desktop\sso-3.0\auth-server\io\projectreactor\reactor-test\3.4.10\reactor-test-3.4.10.jar;C:\Users\wlt\Desktop\sso-3.0\auth-server\io\projectreactor\reactor-core\3.4.10\reactor-core-3.4.10.jar;C:\Users\wlt\Desktop\sso-3.0\auth-server\org\reactivestreams\reactive-streams\1.0.3\reactive-streams-1.0.3.jar;C:\Users\wlt\Desktop\sso-3.0\auth-server\org\apache\commons\commons-lang3\3.4\commons-lang3-3.4.jar;C:\Users\wlt\Desktop\sso-3.0\auth-server\com\alibaba\fastjson\1.2.62\fastjson-1.2.62.jar;C:\Users\wlt\Desktop\sso-3.0\auth-server\org\apache\httpcomponents\httpclient\4.1.3\httpclient-4.1.3.jar;C:\Users\wlt\Desktop\sso-3.0\auth-server\org\apache\httpcomponents\httpcore\4.4.14\httpcore-4.4.14.jar;C:\Users\wlt\Desktop\sso-3.0\auth-server\org\springframework\spring-aspects\4.3.10.RELEASE\spring-aspects-4.3.10.RELEASE.jar;C:\Users\wlt\Desktop\sso-3.0\auth-server\org\aspectj\aspectjweaver\1.9.7\aspectjweaver-1.9.7.jar;C:\Users\wlt\Desktop\sso-3.0\auth-server\com\google\guava\guava\21.0\guava-21.0.jar;"/>
    <property name="java.vm.vendor" value="Oracle Corporation"/>
    <property name="sun.arch.data.model" value="32"/>
    <property name="user.variant" value=""/>
    <property name="java.vendor.url" value="http://java.oracle.com/"/>
    <property name="user.timezone" value="Asia/Shanghai"/>
    <property name="java.vm.specification.version" value="1.8"/>
    <property name="os.name" value="Windows 10"/>
    <property name="user.country" value="CN"/>
    <property name="sun.java.launcher" value="SUN_STANDARD"/>
    <property name="sun.boot.library.path" value="E:\JAVA\jdk\jre\bin"/>
    <property name="sun.java.command" value="C:\Users\wlt\AppData\Local\Temp\surefire7670183672813749407\surefirebooter4077415488723671636.jar C:\Users\wlt\AppData\Local\Temp\surefire7670183672813749407 2021-10-29T23-30-31_168-jvmRun1 surefire6563908967848333365tmp surefire_02226969770263397381tmp"/>
    <property name="surefire.test.class.path" value="C:\Users\wlt\Desktop\sso-3.0\auth-server\target\test-classes;C:\Users\wlt\Desktop\sso-3.0\auth-server\target\classes;C:\Users\wlt\Desktop\sso-3.0\auth-server\org\springframework\boot\spring-boot-starter-thymeleaf\2.5.5\spring-boot-starter-thymeleaf-2.5.5.jar;C:\Users\wlt\Desktop\sso-3.0\auth-server\org\springframework\boot\spring-boot-starter\2.5.5\spring-boot-starter-2.5.5.jar;C:\Users\wlt\Desktop\sso-3.0\auth-server\org\springframework\boot\spring-boot\2.5.5\spring-boot-2.5.5.jar;C:\Users\wlt\Desktop\sso-3.0\auth-server\org\springframework\boot\spring-boot-autoconfigure\2.5.5\spring-boot-autoconfigure-2.5.5.jar;C:\Users\wlt\Desktop\sso-3.0\auth-server\org\springframework\boot\spring-boot-starter-logging\2.5.5\spring-boot-starter-logging-2.5.5.jar;C:\Users\wlt\Desktop\sso-3.0\auth-server\ch\qos\logback\logback-classic\1.2.6\logback-classic-1.2.6.jar;C:\Users\wlt\Desktop\sso-3.0\auth-server\ch\qos\logback\logback-core\1.2.6\logback-core-1.2.6.jar;C:\Users\wlt\Desktop\sso-3.0\auth-server\org\apache\logging\log4j\log4j-to-slf4j\2.14.1\log4j-to-slf4j-2.14.1.jar;C:\Users\wlt\Desktop\sso-3.0\auth-server\org\apache\logging\log4j\log4j-api\2.14.1\log4j-api-2.14.1.jar;C:\Users\wlt\Desktop\sso-3.0\auth-server\org\slf4j\jul-to-slf4j\1.7.32\jul-to-slf4j-1.7.32.jar;C:\Users\wlt\Desktop\sso-3.0\auth-server\jakarta\annotation\jakarta.annotation-api\1.3.5\jakarta.annotation-api-1.3.5.jar;C:\Users\wlt\Desktop\sso-3.0\auth-server\org\yaml\snakeyaml\1.28\snakeyaml-1.28.jar;C:\Users\wlt\Desktop\sso-3.0\auth-server\org\thymeleaf\thymeleaf-spring5\3.0.12.RELEASE\thymeleaf-spring5-3.0.12.RELEASE.jar;C:\Users\wlt\Desktop\sso-3.0\auth-server\org\thymeleaf\thymeleaf\3.0.12.RELEASE\thymeleaf-3.0.12.RELEASE.jar;C:\Users\wlt\Desktop\sso-3.0\auth-server\org\attoparser\attoparser\2.0.5.RELEASE\attoparser-2.0.5.RELEASE.jar;C:\Users\wlt\Desktop\sso-3.0\auth-server\org\unbescape\unbescape\1.1.6.RELEASE\unbescape-1.1.6.RELEASE.jar;C:\Users\wlt\Desktop\sso-3.0\auth-server\org\slf4j\slf4j-api\1.7.32\slf4j-api-1.7.32.jar;C:\Users\wlt\Desktop\sso-3.0\auth-server\org\thymeleaf\extras\thymeleaf-extras-java8time\3.0.4.RELEASE\thymeleaf-extras-java8time-3.0.4.RELEASE.jar;C:\Users\wlt\Desktop\sso-3.0\auth-server\org\springframework\boot\spring-boot-starter-web\2.5.5\spring-boot-starter-web-2.5.5.jar;C:\Users\wlt\Desktop\sso-3.0\auth-server\org\springframework\boot\spring-boot-starter-json\2.5.5\spring-boot-starter-json-2.5.5.jar;C:\Users\wlt\Desktop\sso-3.0\auth-server\com\fasterxml\jackson\datatype\jackson-datatype-jdk8\2.12.5\jackson-datatype-jdk8-2.12.5.jar;C:\Users\wlt\Desktop\sso-3.0\auth-server\com\fasterxml\jackson\datatype\jackson-datatype-jsr310\2.12.5\jackson-datatype-jsr310-2.12.5.jar;C:\Users\wlt\Desktop\sso-3.0\auth-server\com\fasterxml\jackson\module\jackson-module-parameter-names\2.12.5\jackson-module-parameter-names-2.12.5.jar;C:\Users\wlt\Desktop\sso-3.0\auth-server\org\springframework\boot\spring-boot-starter-tomcat\2.5.5\spring-boot-starter-tomcat-2.5.5.jar;C:\Users\wlt\Desktop\sso-3.0\auth-server\org\apache\tomcat\embed\tomcat-embed-core\9.0.53\tomcat-embed-core-9.0.53.jar;C:\Users\wlt\Desktop\sso-3.0\auth-server\org\apache\tomcat\embed\tomcat-embed-el\9.0.53\tomcat-embed-el-9.0.53.jar;C:\Users\wlt\Desktop\sso-3.0\auth-server\org\apache\tomcat\embed\tomcat-embed-websocket\9.0.53\tomcat-embed-websocket-9.0.53.jar;C:\Users\wlt\Desktop\sso-3.0\auth-server\org\springframework\spring-web\5.3.10\spring-web-5.3.10.jar;C:\Users\wlt\Desktop\sso-3.0\auth-server\org\springframework\spring-beans\5.3.10\spring-beans-5.3.10.jar;C:\Users\wlt\Desktop\sso-3.0\auth-server\org\springframework\spring-webmvc\5.3.10\spring-webmvc-5.3.10.jar;C:\Users\wlt\Desktop\sso-3.0\auth-server\org\springframework\spring-aop\5.3.10\spring-aop-5.3.10.jar;C:\Users\wlt\Desktop\sso-3.0\auth-server\org\springframework\spring-context\5.3.10\spring-context-5.3.10.jar;C:\Users\wlt\Desktop\sso-3.0\auth-server\org\springframework\spring-expression\5.3.10\spring-expression-5.3.10.jar;C:\Users\wlt\Desktop\sso-3.0\auth-server\org\springframework\boot\spring-boot-starter-test\2.5.5\spring-boot-starter-test-2.5.5.jar;C:\Users\wlt\Desktop\sso-3.0\auth-server\org\springframework\boot\spring-boot-test\2.5.5\spring-boot-test-2.5.5.jar;C:\Users\wlt\Desktop\sso-3.0\auth-server\org\springframework\boot\spring-boot-test-autoconfigure\2.5.5\spring-boot-test-autoconfigure-2.5.5.jar;C:\Users\wlt\Desktop\sso-3.0\auth-server\com\jayway\jsonpath\json-path\2.5.0\json-path-2.5.0.jar;C:\Users\wlt\Desktop\sso-3.0\auth-server\net\minidev\json-smart\2.4.7\json-smart-2.4.7.jar;C:\Users\wlt\Desktop\sso-3.0\auth-server\net\minidev\accessors-smart\2.4.7\accessors-smart-2.4.7.jar;C:\Users\wlt\Desktop\sso-3.0\auth-server\org\ow2\asm\asm\9.1\asm-9.1.jar;C:\Users\wlt\Desktop\sso-3.0\auth-server\jakarta\xml\bind\jakarta.xml.bind-api\2.3.3\jakarta.xml.bind-api-2.3.3.jar;C:\Users\wlt\Desktop\sso-3.0\auth-server\jakarta\activation\jakarta.activation-api\1.2.2\jakarta.activation-api-1.2.2.jar;C:\Users\wlt\Desktop\sso-3.0\auth-server\org\assertj\assertj-core\3.19.0\assertj-core-3.19.0.jar;C:\Users\wlt\Desktop\sso-3.0\auth-server\org\hamcrest\hamcrest\2.2\hamcrest-2.2.jar;C:\Users\wlt\Desktop\sso-3.0\auth-server\org\junit\jupiter\junit-jupiter\5.7.2\junit-jupiter-5.7.2.jar;C:\Users\wlt\Desktop\sso-3.0\auth-server\org\junit\jupiter\junit-jupiter-api\5.7.2\junit-jupiter-api-5.7.2.jar;C:\Users\wlt\Desktop\sso-3.0\auth-server\org\apiguardian\apiguardian-api\1.1.0\apiguardian-api-1.1.0.jar;C:\Users\wlt\Desktop\sso-3.0\auth-server\org\opentest4j\opentest4j\1.2.0\opentest4j-1.2.0.jar;C:\Users\wlt\Desktop\sso-3.0\auth-server\org\junit\platform\junit-platform-commons\1.7.2\junit-platform-commons-1.7.2.jar;C:\Users\wlt\Desktop\sso-3.0\auth-server\org\junit\jupiter\junit-jupiter-params\5.7.2\junit-jupiter-params-5.7.2.jar;C:\Users\wlt\Desktop\sso-3.0\auth-server\org\junit\jupiter\junit-jupiter-engine\5.7.2\junit-jupiter-engine-5.7.2.jar;C:\Users\wlt\Desktop\sso-3.0\auth-server\org\junit\platform\junit-platform-engine\1.7.2\junit-platform-engine-1.7.2.jar;C:\Users\wlt\Desktop\sso-3.0\auth-server\org\mockito\mockito-core\3.9.0\mockito-core-3.9.0.jar;C:\Users\wlt\Desktop\sso-3.0\auth-server\net\bytebuddy\byte-buddy\1.10.22\byte-buddy-1.10.22.jar;C:\Users\wlt\Desktop\sso-3.0\auth-server\net\bytebuddy\byte-buddy-agent\1.10.22\byte-buddy-agent-1.10.22.jar;C:\Users\wlt\Desktop\sso-3.0\auth-server\org\objenesis\objenesis\3.2\objenesis-3.2.jar;C:\Users\wlt\Desktop\sso-3.0\auth-server\org\mockito\mockito-junit-jupiter\3.9.0\mockito-junit-jupiter-3.9.0.jar;C:\Users\wlt\Desktop\sso-3.0\auth-server\org\skyscreamer\jsonassert\1.5.0\jsonassert-1.5.0.jar;C:\Users\wlt\Desktop\sso-3.0\auth-server\com\vaadin\external\google\android-json\0.0.20131108.vaadin1\android-json-0.0.20131108.vaadin1.jar;C:\Users\wlt\Desktop\sso-3.0\auth-server\org\springframework\spring-core\5.3.10\spring-core-5.3.10.jar;C:\Users\wlt\Desktop\sso-3.0\auth-server\org\springframework\spring-jcl\5.3.10\spring-jcl-5.3.10.jar;C:\Users\wlt\Desktop\sso-3.0\auth-server\org\springframework\spring-test\5.3.10\spring-test-5.3.10.jar;C:\Users\wlt\Desktop\sso-3.0\auth-server\org\xmlunit\xmlunit-core\2.8.2\xmlunit-core-2.8.2.jar;C:\Users\wlt\Desktop\sso-3.0\auth-server\com\auth0\java-jwt\3.4.0\java-jwt-3.4.0.jar;C:\Users\wlt\Desktop\sso-3.0\auth-server\com\fasterxml\jackson\core\jackson-databind\2.12.5\jackson-databind-2.12.5.jar;C:\Users\wlt\Desktop\sso-3.0\auth-server\com\fasterxml\jackson\core\jackson-annotations\2.12.5\jackson-annotations-2.12.5.jar;C:\Users\wlt\Desktop\sso-3.0\auth-server\com\fasterxml\jackson\core\jackson-core\2.12.5\jackson-core-2.12.5.jar;C:\Users\wlt\Desktop\sso-3.0\auth-server\commons-codec\commons-codec\1.15\commons-codec-1.15.jar;C:\Users\wlt\Desktop\sso-3.0\auth-server\org\projectlombok\lombok\1.18.20\lombok-1.18.20.jar;C:\Users\wlt\Desktop\sso-3.0\auth-server\io\projectreactor\reactor-test\3.4.10\reactor-test-3.4.10.jar;C:\Users\wlt\Desktop\sso-3.0\auth-server\io\projectreactor\reactor-core\3.4.10\reactor-core-3.4.10.jar;C:\Users\wlt\Desktop\sso-3.0\auth-server\org\reactivestreams\reactive-streams\1.0.3\reactive-streams-1.0.3.jar;C:\Users\wlt\Desktop\sso-3.0\auth-server\org\apache\commons\commons-lang3\3.4\commons-lang3-3.4.jar;C:\Users\wlt\Desktop\sso-3.0\auth-server\com\alibaba\fastjson\1.2.62\fastjson-1.2.62.jar;C:\Users\wlt\Desktop\sso-3.0\auth-server\org\apache\httpcomponents\httpclient\4.1.3\httpclient-4.1.3.jar;C:\Users\wlt\Desktop\sso-3.0\auth-server\org\apache\httpcomponents\httpcore\4.4.14\httpcore-4.4.14.jar;C:\Users\wlt\Desktop\sso-3.0\auth-server\org\springframework\spring-aspects\4.3.10.RELEASE\spring-aspects-4.3.10.RELEASE.jar;C:\Users\wlt\Desktop\sso-3.0\auth-server\org\aspectj\aspectjweaver\1.9.7\aspectjweaver-1.9.7.jar;C:\Users\wlt\Desktop\sso-3.0\auth-server\com\google\guava\guava\21.0\guava-21.0.jar;"/>
    <property name="sun.cpu.endian" value="little"/>
    <property name="user.home" value="C:\Users\wlt"/>
    <property name="user.language" value="zh"/>
    <property name="java.specification.vendor" value="Oracle Corporation"/>
    <property name="java.home" value="E:\JAVA\jdk\jre"/>
    <property name="basedir" value="C:\Users\wlt\Desktop\sso-3.0\auth-server"/>
    <property name="file.separator" value="\"/>
    <property name="line.separator" value="&#10;"/>
    <property name="java.vm.specification.vendor" value="Oracle Corporation"/>
    <property name="java.specification.name" value="Java Platform API Specification"/>
    <property name="java.awt.graphicsenv" value="sun.awt.Win32GraphicsEnvironment"/>
    <property name="surefire.real.class.path" value="C:\Users\wlt\AppData\Local\Temp\surefire7670183672813749407\surefirebooter4077415488723671636.jar"/>
    <property name="sun.boot.class.path" value="E:\JAVA\jdk\jre\lib\resources.jar;E:\JAVA\jdk\jre\lib\rt.jar;E:\JAVA\jdk\jre\lib\sunrsasign.jar;E:\JAVA\jdk\jre\lib\jsse.jar;E:\JAVA\jdk\jre\lib\jce.jar;E:\JAVA\jdk\jre\lib\charsets.jar;E:\JAVA\jdk\jre\lib\jfr.jar;E:\JAVA\jdk\jre\classes"/>
    <property name="user.script" value=""/>
    <property name="sun.management.compiler" value="HotSpot Client Compiler"/>
    <property name="java.runtime.version" value="1.8.0_301-b09"/>
    <property name="user.name" value="wlt"/>
    <property name="path.separator" value=";"/>
    <property name="os.version" value="10.0"/>
    <property name="java.endorsed.dirs" value="E:\JAVA\jdk\jre\lib\endorsed"/>
    <property name="java.runtime.name" value="Java(TM) SE Runtime Environment"/>
    <property name="file.encoding" value="GBK"/>
    <property name="java.vm.name" value="Java HotSpot(TM) Client VM"/>
    <property name="localRepository" value="C:\Users\wlt\Desktop\sso-3.0\auth-server"/>
    <property name="java.vendor.url.bug" value="http://bugreport.sun.com/bugreport/"/>
    <property name="java.io.tmpdir" value="C:\Users\wlt\AppData\Local\Temp\"/>
    <property name="java.version" value="1.8.0_301"/>
    <property name="user.dir" value="C:\Users\wlt\Desktop\sso-3.0\auth-server"/>
    <property name="os.arch" value="x86"/>
    <property name="java.vm.specification.name" value="Java Virtual Machine Specification"/>
    <property name="java.awt.printerjob" value="sun.awt.windows.WPrinterJob"/>
    <property name="sun.os.patch.level" value=""/>
    <property name="java.library.path" value="E:\JAVA\jdk\jre\bin;C:\WINDOWS\Sun\Java\bin;C:\WINDOWS\system32;C:\WINDOWS;D:\VMware\bin\;C:\Program Files\Common Files\Oracle\Java\javapath;C:\WINDOWS\system32;C:\WINDOWS;C:\WINDOWS\System32\Wbem;C:\WINDOWS\System32\WindowsPowerShell\v1.0\;C:\WINDOWS\System32\OpenSSH\;C:\Program Files\dotnet\;xvlog --version;D:\mysql\mysql-8.0.26-winx64\bin;D:\学习\Xftp\;D;\学习\Xshell\;D:\学习\Git\cmd;D:\学习\maven\apache-maven-3.8.2\bin;E:\JAVA\jdk\bin;D:\学习\node.js\;C:\Program Files (x86)\NVIDIA Corporation\PhysX\Common;C:\Program Files\Docker\Docker\resources\bin;C:\ProgramData\DockerDesktop\version-bin;C:\Program Files\MySQL\MySQL Shell 8.0\bin\;E:\Python\Scripts\;E:\Python\;C:\Users\wlt\AppData\Local\Microsoft\WindowsApps;C:\Users\wlt\AppData\Local\Programs\Microsoft VS Code\bin;D:\Microsoft VS Code\bin;C:\Users\wlt\.dotnet\tools;D:\Vivado\2019.1\bin;%IntelliJ IDEA Educational Edition%;%PyCharm Community Edition%;D:\PyCharm 2021.2\bin;;D:\学习\IntelliJ IDEA 2021.2.1\bin;;C:\Users\wlt\AppData\Roaming\npm;."/>
    <property name="java.vm.info" value="mixed mode, sharing"/>
    <property name="java.vendor" value="Oracle Corporation"/>
    <property name="java.vm.version" value="25.301-b09"/>
    <property name="java.ext.dirs" value="E:\JAVA\jdk\jre\lib\ext;C:\WINDOWS\Sun\Java\lib\ext"/>
    <property name="sun.io.unicode.encoding" value="UnicodeLittle"/>
    <property name="java.class.version" value="52.0"/>
  </properties>
  <testcase name="contextLoads" classname="cn.edu.cqu.authserver.AuthServerApplicationTests" time="0.208"/>
</testsuite>